3 5954 8487 9807
2 3311 231
4 8019 4527 232 4528
4 5454 8489 8488 233
5 2820 229 4529 9808 4525
2 9468 8485
3 2854 230 4526
3 2863 8486 9805
4 8232 234 4530 8490
4 7590 9806 9810 235
3 1666 236 4531
5 5679 8492 8491 9811 4532
4 1111 4533 9812 237
3 7759 9813 8493
4 9997 4534 238 8494
5 3160 9814 4535 8495 9815
3 5831 239 240
3 4506 8496 4536
4 4182 9816 241 4537
4 3216 8497 9817 242
3 6975 4538 8498
2 8044 4539
4 4935 8499 9818 243
4 3873 9820 9819 8500
3 1566 4540 244
3 7883 8501 245
3 4052 9821 4541
3 9371 246 4542
7 7277 8502 9822 247 4543 8503 9823
3 4189 4544 248
4 7849 8504 9824 249
5 8078 4545 8505 9825 250
5 8786 8506 4546 9826 251
4 5832 4547 8507 9827
3 9475 252 4548
3 5482 8508 9828
3 6430 5200 5199
5 2417 6520 6519 7167 7168
4 4611 6521 5201 7169
4 5254 5197 6517 7165
3 2717 6518 5198
3 4974 7166 5202
4 3187 7170 6522 5203
4 577 6523 7171 5204
3 7576 6524 7172
3 156 7174 5205
5 2995 5207 6525 7173 5206
3 3922 6527 6526
2 6428 5208
5 5014 6528 7175 7176 5209
4 6229 6529 7177 5210
3 3590 6530 7178
2 2265 5211
4 9392 6531 7179 5212
3 2182 6532 7180
4 820 5213 6533 7181
3 2870 5214 6534
3 701 7182 5215
3 9106 5216 6535
4 3709 6536 7183 7184
3 45 5217 6537
6 6507 5218 7185 6538 7186 5219
3 3123 6539 7187
3 9168 6540 5220
4 3766 7188 567 1887
3 1813 3207 568
3 3491 1888 3208
5 6570 1889 569 3209 565
3 5835 3206 1885
4 4065 1890 3205 566
6 3511 570 1886 3210 571 1891
4 8598 3212 3211 572
4 4467 1893 1892 573
3 4764 3213 574
3 8858 1894 3214
3 3636 575 1895
5 102 1896 3215 576 1897
3 9413 3218 3217
3 7653 1899 578
3 7995 3219 1898
3 4768 3220 579
3 1579 1901 580
3 681 3221 1900
2 5777 582
3 9014 3222 581
3 1574 583 1902
3 7674 1903 3223
4 78 585 584 1904
3 4891 3225 3224
4 1826 586 1906 1905
3 9189 3226 587
2 8424 3227
4 4466 588 1907 1908
4 3387 3879 3228 1239
4 9601 9159 7839 1240
4 8946 3880 7840 9160
4 1717 3881 1241 7841
5 9888 3878 1237 3877 7837
5 1048 7838 1238 9157 1242
4 3155 7842 3882 9162
5 3831 9158 1243 3883 7843
3 2584 1244 9163
3 7138 3884 7844
3 6603 9164 1245
4 8220 3885 7845 9165
3 1577 1246 3886
6 1641 7846 9166 1247 3887 7847
3 9191 9167 1248
3 2209 3888 7848
3 7782 9169 1249
4 207 3889 1250 3890
3 602 7850 9170
3 7324 1251 3891
4 3353 7851 1252 9171
3 526 3892 7852
4 5046 9172 1253 3893
4 4071 7853 9173 1254
3 4078 7854 3894
3 6669 9174 1255
5 9180 3895 7855 9175 1256
3 6950 3896 7856
4 1999 1257 9176 3897
3 654 7857 9177
5 1753 1258 3898 9178 7858
5 2038 1259 3899 7859 9179
4 8346 1260 3900 7860
3 6423 2559 4551
4 152 9831 5871 2560
3 9282 4552 5872
3 4141 4553 2561
5 660 5873 9832 2557 4549
3 8141 9829 5869
5 3016 2562 2558 4550 5870
3 4119 4554 5874
3 1386 9830 9834
5 1572 4555 2563 5875 9835
2 5057 2565
3 175 4557 2564
3 7609 9836 4556
4 3423 5877 5876 9837
3 719 2566 4558
3 9435 9838 5878
3 138 4559 2567
4 8551 5879 9839 2568
3 327 4561 4560
4 7937 2569 5880 9840
3 9111 5881 9841
4 7584 2570 4562 5882
3 3875 9842 2571
4 5262 4563 5883 9843
3 9988 2572 4564
3 7148 5884 9844
4 9155 2573 4565 5885
4 4616 2574 9845 4566
4 7426 9846 5886 2575
4 3256 4567 5887 9847
4 9925 4568 2576 5888
4 934 9848 2577 4569
4 4523 5889 9849 2578
3 5465 5890 4570
4 6197 4571 9850 2579
3 7822 5891 9851
3 9328 2580 4572
3 8315 5892 9852
4 1965 6543 255 3231
4 8709 256 7191 3232
5 2452 6544 257 3233 6545
3 7633 6541 7192
3 746 254 253
3 6392 3230 3229
3 6808 6542 7189
4 5955 258 3234 7190
3 3815 8514 7194
3 3440 6546 8510
5 5354 259 3235 6547 7195
3 558 8515 260
4 8097 3236 6548 7196
3 8995 8516 261
3 5500 6549 7197
3 4077 8517 3237
3 6042 7198 262
5 13 3238 6550 8518 263
3 1817 3239 6551
3 9215 7199 8519
4 7828 264 3240 6552
3 6638 8520 7200
3 9049 265 3241
4 2993 6553 7201 8521
5 1587 7202 266 3242 6554
3 8407 267 8522
3 8546 3243 6555
5 5370 7203 8523 268 3244
4 9561 6556 7204 8524
3 993 269 3245
5 5062 7205 6557 8525 270
3 666 6558 3246
5 2805 7206 8526 271 3247
3 4322 6559 7207
3 2851 8527 272
3 6424 3248 6560
4 1109 273 7208 8528
3 1938 3249 6561
4 395 7209 8529 274
4 8099 3250 6562 7210
6 962 275 8530 3251 6563 7211
4 3611 8531 276 3252
3 4753 6564 7212
2 445 1911
3 2636 1912 8532
5 3384 9183 9184 1913 9185
4 9714 1909 9181 1910
4 6190 9182 1914 9186
4 9872 1915 9187 1916
3 4960 9188 1917
4 8849 1918 9190 1919
3 6021 1920 9192
2 4049 1921
3 1769 1923 9193
4 2378 1922 9194 9195
5 7613 1924 9196 1925 9197
4 7662 1926 9198 1927
3 3968 9199 1928
4 9284 1929 9200 9201
3 9488 1931 1930
5 9054 9203 9202 1932 9204
4 3265 591 5223 2583
2 5919 592
4 9742 5224 593 5225
3 8644 2585 589
3 671 2581 5221
4 8267 590 5222 2582
5 5798 5226 594 2586 595
2 9440 2587
2 2766 5227
4 8595 596 2588 5228
4 6845 597 2589 5229
4 4852 5230 598 2590
4 9543 599 2591 5231
3 2672 2592 600
4 3562 5232 601 2593
3 1472 2594 5233
3 1764 5234 603
4 9858 5235 2595 604
3 9211 2596 5236
3 4473 605 2597
4 2652 5237 606 2598
3 4398 5238 607
4 3363 5239 2599 608
3 3145 2600 5240
5 4804 2601 609 5241 610
3 1141 611 2602
4 7427 2603 5243 5242
5 8724 9230 612 2604 5244
5 4760 9855 5895 7863 5896
4 5524 9856 7864 5897
4 8579 9857 7865 5893
3 8404 9853 7861
4 9594 5894 9854 7862
4 7914 5898 7866 5899
4 9340 7867 9859 5900
3 8090 7868 9860
6 8057 7871 5901 7869 9861 5902
5 6791 5903 7870 9862 9863
5 2711 5904 7872 9864 5905
3 3198 9865 7873
3 1143 5906 7874
3 3782 9866 5907
3 8653 7875 9867
5 9688 5908 7876 9868 5909
3 1788 7877 9869
5 1377 5910 7878 9870 5911
3 6891 9871 7879
5 8085 5912 7880 5913 7881
2 4469 9873
5 5160 5914 7882 9874 5915
3 9321 7884 9875
4 1187 9876 5916 279
3 2823 1263 3903
2 5552 7215
5 4661 280 1264 3904 1265
5 1030 3905 7216 281 277
3 9764 3901 1261
3 8698 278 1262
4 3452 3902 7213 282
3 1599 1266 3906
3 6227 7218 7214
3 8394 8534 8538
2 750 283
5 3075 1267 3907 7219 8539
3 5130 284 1268
3 8039 3908 7220
4 1595 8540 285 1269
3 2191 3909 7221
4 9960 8541 286 1270
4 7794 3910 7222 8542
4 6257 1271 3911 7223
3 8184 287 8543
4 7545 1272 288 3912
4 929 7224 8544 289
3 1660 1273 3913
4 6956 8545 7225 290
4 4574 1274 3914 7226
4 7735 291 1275 3915
5 5147 7227 8547 292 1276
3 4107 3916 7228
3 1387 8548 293
3 3288 1277 3917
6 4581 7229 8549 294 1278 3918
5 816 7230 8550 295 1279
4 957 7231 3919 296
3 8453 3920 1280
4 7313 7232 8552 297
4 6330 1281 3921 7233
3 4759 8553 298
2 1466 7234
3 9038 1282 8554
4 7760 299 1283 3923
4 8121 7235 8555 7236
3 2163 300 1284
3 8246 3924 8556
3 2146 4575 4576
4 4474 4577 4573 4578
3 1492 4580 4579
4 1415 4582 4583 4584
2 4662 4585
3 9246 4586 4587
4 2830 4588 4589 4590
3 4634 4592 4591
3 7566 4593 4594
3 2381 4596 4595
5 2091 5247 6567 1935 3255
3 8896 5248 6568
4 5801 1936 5249 1937
4 5383 3257 5245 6565
4 6488 1933 1934 5246
5 482 6566 3253 3258 5250
3 5673 3254 1939
4 5645 6571 3259 5251
4 1833 1940 3260 5252
4 8607 1941 6572 3261
3 5325 5253 6573
5 773 1942 3262 6574 1943
3 377 3263 5255
2 2414 6575
4 4830 1944 3264 5256
2 8948 6576
3 7132 1945 5257
3 3860 6577 1946
5 7901 3266 5258 6578 1947
4 2847 3267 5259 6579
